<?xml version="1.0" encoding="UTF-8"?>
<coverage generated="1543256089059" clover="3.2.0">
  <project timestamp="1543256089060" name="All files">
    <metrics statements="35" coveredstatements="14" conditionals="3" coveredconditionals="0" methods="26" coveredmethods="8" elements="64" coveredelements="22" complexity="0" loc="35" ncloc="35" packages="2" files="4" classes="4">
      <package name="components">
        <metrics statements="17" coveredstatements="7" conditionals="3" coveredconditionals="0" methods="13" coveredmethods="4"/>
        <file name="Article.js" path="C:\Users\Romain\Desktop\DevWeb\Pluralsight\React\Advanced\1. Advanced ReactJs\advanced-react\lib\components\Article.js">
          <metrics statements="6" coveredstatements="3" conditionals="0" coveredconditionals="0" methods="3" coveredmethods="0"/>
          <line num="7" count="1" type="stmt"/>
          <line num="33" count="1" type="stmt"/>
          <line num="37" count="0" type="stmt"/>
          <line num="40" count="0" type="stmt"/>
          <line num="55" count="1" type="stmt"/>
          <line num="64" count="0" type="stmt"/>
        </file>
        <file name="ArticleList.js" path="C:\Users\Romain\Desktop\DevWeb\Pluralsight\React\Advanced\1. Advanced ReactJs\advanced-react\lib\components\ArticleList.js">
          <metrics statements="2" coveredstatements="2" conditionals="0" coveredconditionals="0" methods="2" coveredmethods="2"/>
          <line num="7" count="1" type="stmt"/>
          <line num="10" count="2" type="stmt"/>
        </file>
        <file name="storeProvider.js" path="C:\Users\Romain\Desktop\DevWeb\Pluralsight\React\Advanced\1. Advanced ReactJs\advanced-react\lib\components\storeProvider.js">
          <metrics statements="9" coveredstatements="2" conditionals="3" coveredconditionals="0" methods="8" coveredmethods="2"/>
          <line num="4" count="1" type="cond" truecount="0" falsecount="1"/>
          <line num="7" count="1" type="stmt"/>
          <line num="12" count="0" type="stmt"/>
          <line num="17" count="0" type="cond" truecount="0" falsecount="2"/>
          <line num="18" count="0" type="stmt"/>
          <line num="22" count="0" type="stmt"/>
          <line num="25" count="0" type="stmt"/>
          <line num="26" count="0" type="stmt"/>
          <line num="30" count="0" type="stmt"/>
        </file>
      </package>
      <package name="state-api.lib">
        <metrics statements="18" coveredstatements="7" conditionals="0" coveredconditionals="0" methods="13" coveredmethods="4"/>
        <file name="index.js" path="C:\Users\Romain\Desktop\DevWeb\Pluralsight\React\Advanced\1. Advanced ReactJs\advanced-react\lib\state-api\lib\index.js">
          <metrics statements="18" coveredstatements="7" conditionals="0" coveredconditionals="0" methods="13" coveredmethods="4"/>
          <line num="3" count="1" type="stmt"/>
          <line num="9" count="1" type="stmt"/>
          <line num="10" count="1" type="stmt"/>
          <line num="13" count="2" type="stmt"/>
          <line num="14" count="9" type="stmt"/>
          <line num="15" count="9" type="stmt"/>
          <line num="19" count="0" type="stmt"/>
          <line num="22" count="2" type="stmt"/>
          <line num="26" count="0" type="stmt"/>
          <line num="27" count="0" type="stmt"/>
          <line num="28" count="0" type="stmt"/>
          <line num="32" count="0" type="stmt"/>
          <line num="36" count="0" type="stmt"/>
          <line num="40" count="0" type="stmt"/>
          <line num="44" count="0" type="stmt"/>
          <line num="48" count="0" type="stmt"/>
          <line num="54" count="0" type="stmt"/>
          <line num="55" count="0" type="stmt"/>
        </file>
      </package>
    </metrics>
  </project>
</coverage>
