{"C:\\Users\\Romain\\Desktop\\DevWeb\\Pluralsight\\React\\Advanced\\1. Advanced ReactJs\\advanced-react\\lib\\components\\Article.js": {"path":"C:\\Users\\Romain\\Desktop\\DevWeb\\Pluralsight\\React\\Advanced\\1. Advanced ReactJs\\advanced-react\\lib\\components\\Article.js","statementMap":{"0":{"start":{"line":7,"column":15},"end":{"line":29,"column":1}},"1":{"start":{"line":33,"column":20},"end":{"line":33,"column":69}},"2":{"start":{"line":33,"column":34},"end":{"line":33,"column":69}},"3":{"start":{"line":37,"column":32},"end":{"line":37,"column":42}},"4":{"start":{"line":40,"column":4},"end":{"line":51,"column":6}},"5":{"start":{"line":55,"column":0},"end":{"line":61,"column":2}},"6":{"start":{"line":64,"column":2},"end":{"line":66,"column":4}}},"fnMap":{"0":{"name":"(anonymous_0)","decl":{"start":{"line":33,"column":20},"end":{"line":33,"column":21}},"loc":{"start":{"line":33,"column":34},"end":{"line":33,"column":69}},"line":33},"1":{"name":"(anonymous_1)","decl":{"start":{"line":36,"column":2},"end":{"line":36,"column":3}},"loc":{"start":{"line":36,"column":11},"end":{"line":52,"column":3}},"line":36},"2":{"name":"extraProps","decl":{"start":{"line":63,"column":9},"end":{"line":63,"column":19}},"loc":{"start":{"line":63,"column":42},"end":{"line":67,"column":1}},"line":63}},"branchMap":{},"s":{"0":1,"1":1,"2":0,"3":0,"4":0,"5":1,"6":0},"f":{"0":0,"1":0,"2":0},"b":{},"_coverageSchema":"332fd63041d2c1bcb487cc26dd0d5f7d97098a6c","hash":"cb7c999e6230a1c152c6ce3b3e4070922df8d562"}
,"C:\\Users\\Romain\\Desktop\\DevWeb\\Pluralsight\\React\\Advanced\\1. Advanced ReactJs\\advanced-react\\lib\\components\\ArticleList.js": {"path":"C:\\Users\\Romain\\Desktop\\DevWeb\\Pluralsight\\React\\Advanced\\1. Advanced ReactJs\\advanced-react\\lib\\components\\ArticleList.js","statementMap":{"0":{"start":{"line":7,"column":4},"end":{"line":13,"column":6}},"1":{"start":{"line":10,"column":10},"end":{"line":10,"column":56}}},"fnMap":{"0":{"name":"(anonymous_0)","decl":{"start":{"line":6,"column":2},"end":{"line":6,"column":3}},"loc":{"start":{"line":6,"column":11},"end":{"line":14,"column":3}},"line":6},"1":{"name":"(anonymous_1)","decl":{"start":{"line":9,"column":48},"end":{"line":9,"column":49}},"loc":{"start":{"line":10,"column":10},"end":{"line":10,"column":56}},"line":10}},"branchMap":{},"s":{"0":1,"1":2},"f":{"0":1,"1":2},"b":{},"_coverageSchema":"332fd63041d2c1bcb487cc26dd0d5f7d97098a6c","hash":"351bdbdb92b6adfdf9ac0c7fdb7a283bfa36c80c"}
,"C:\\Users\\Romain\\Desktop\\DevWeb\\Pluralsight\\React\\Advanced\\1. Advanced ReactJs\\advanced-react\\lib\\components\\storeProvider.js": {"path":"C:\\Users\\Romain\\Desktop\\DevWeb\\Pluralsight\\React\\Advanced\\1. Advanced ReactJs\\advanced-react\\lib\\components\\storeProvider.js","statementMap":{"0":{"start":{"line":4,"column":22},"end":{"line":39,"column":1}},"1":{"start":{"line":4,"column":43},"end":{"line":4,"column":45}},"2":{"start":{"line":4,"column":51},"end":{"line":39,"column":1}},"3":{"start":{"line":7,"column":2},"end":{"line":38,"column":4}},"4":{"start":{"line":12,"column":6},"end":{"line":12,"column":56}},"5":{"start":{"line":17,"column":6},"end":{"line":19,"column":7}},"6":{"start":{"line":18,"column":8},"end":{"line":18,"column":40}},"7":{"start":{"line":22,"column":6},"end":{"line":22,"column":75}},"8":{"start":{"line":25,"column":6},"end":{"line":25,"column":56}},"9":{"start":{"line":26,"column":6},"end":{"line":26,"column":31}},"10":{"start":{"line":30,"column":6},"end":{"line":36,"column":8}}},"fnMap":{"0":{"name":"(anonymous_0)","decl":{"start":{"line":4,"column":22},"end":{"line":4,"column":23}},"loc":{"start":{"line":4,"column":51},"end":{"line":39,"column":1}},"line":4},"1":{"name":"(anonymous_1)","decl":{"start":{"line":4,"column":36},"end":{"line":4,"column":37}},"loc":{"start":{"line":4,"column":43},"end":{"line":4,"column":45}},"line":4},"2":{"name":"(anonymous_2)","decl":{"start":{"line":4,"column":51},"end":{"line":4,"column":52}},"loc":{"start":{"line":4,"column":64},"end":{"line":39,"column":1}},"line":4},"3":{"name":"(anonymous_3)","decl":{"start":{"line":11,"column":16},"end":{"line":11,"column":17}},"loc":{"start":{"line":11,"column":22},"end":{"line":13,"column":5}},"line":11},"4":{"name":"(anonymous_4)","decl":{"start":{"line":16,"column":20},"end":{"line":16,"column":21}},"loc":{"start":{"line":16,"column":26},"end":{"line":20,"column":5}},"line":16},"5":{"name":"(anonymous_5)","decl":{"start":{"line":21,"column":4},"end":{"line":21,"column":5}},"loc":{"start":{"line":21,"column":24},"end":{"line":23,"column":5}},"line":21},"6":{"name":"(anonymous_6)","decl":{"start":{"line":24,"column":4},"end":{"line":24,"column":5}},"loc":{"start":{"line":24,"column":27},"end":{"line":27,"column":5}},"line":24},"7":{"name":"(anonymous_7)","decl":{"start":{"line":29,"column":4},"end":{"line":29,"column":5}},"loc":{"start":{"line":29,"column":13},"end":{"line":37,"column":5}},"line":29}},"branchMap":{"0":{"loc":{"start":{"line":4,"column":23},"end":{"line":4,"column":46}},"type":"default-arg","locations":[{"start":{"line":4,"column":36},"end":{"line":4,"column":46}}],"line":4},"1":{"loc":{"start":{"line":17,"column":6},"end":{"line":19,"column":7}},"type":"if","locations":[{"start":{"line":17,"column":6},"end":{"line":19,"column":7}},{"start":{"line":17,"column":6},"end":{"line":19,"column":7}}],"line":17}},"s":{"0":1,"1":0,"2":1,"3":1,"4":0,"5":0,"6":0,"7":0,"8":0,"9":0,"10":0},"f":{"0":1,"1":0,"2":1,"3":0,"4":0,"5":0,"6":0,"7":0},"b":{"0":[0],"1":[0,0]},"_coverageSchema":"332fd63041d2c1bcb487cc26dd0d5f7d97098a6c","hash":"90a250f4b642b4081d4cd0a016696da8b544264c"}
,"C:\\Users\\Romain\\Desktop\\DevWeb\\Pluralsight\\React\\Advanced\\1. Advanced ReactJs\\advanced-react\\lib\\state-api\\lib\\index.js": {"path":"C:\\Users\\Romain\\Desktop\\DevWeb\\Pluralsight\\React\\Advanced\\1. Advanced ReactJs\\advanced-react\\lib\\state-api\\lib\\index.js","statementMap":{"0":{"start":{"line":3,"column":4},"end":{"line":8,"column":6}},"1":{"start":{"line":9,"column":4},"end":{"line":9,"column":28}},"2":{"start":{"line":10,"column":4},"end":{"line":10,"column":32}},"3":{"start":{"line":13,"column":4},"end":{"line":16,"column":11}},"4":{"start":{"line":14,"column":6},"end":{"line":14,"column":26}},"5":{"start":{"line":15,"column":6},"end":{"line":15,"column":17}},"6":{"start":{"line":19,"column":4},"end":{"line":19,"column":39}},"7":{"start":{"line":22,"column":4},"end":{"line":22,"column":21}},"8":{"start":{"line":26,"column":4},"end":{"line":26,"column":30}},"9":{"start":{"line":27,"column":4},"end":{"line":27,"column":53}},"10":{"start":{"line":28,"column":4},"end":{"line":28,"column":35}},"11":{"start":{"line":32,"column":4},"end":{"line":32,"column":46}},"12":{"start":{"line":36,"column":4},"end":{"line":36,"column":58}},"13":{"start":{"line":36,"column":52},"end":{"line":36,"column":56}},"14":{"start":{"line":40,"column":4},"end":{"line":43,"column":6}},"15":{"start":{"line":44,"column":4},"end":{"line":44,"column":29}},"16":{"start":{"line":48,"column":4},"end":{"line":50,"column":7}},"17":{"start":{"line":54,"column":4},"end":{"line":58,"column":13}},"18":{"start":{"line":55,"column":6},"end":{"line":57,"column":9}}},"fnMap":{"0":{"name":"(anonymous_0)","decl":{"start":{"line":2,"column":2},"end":{"line":2,"column":3}},"loc":{"start":{"line":2,"column":23},"end":{"line":11,"column":3}},"line":2},"1":{"name":"(anonymous_1)","decl":{"start":{"line":12,"column":2},"end":{"line":12,"column":3}},"loc":{"start":{"line":12,"column":21},"end":{"line":17,"column":3}},"line":12},"2":{"name":"(anonymous_2)","decl":{"start":{"line":13,"column":22},"end":{"line":13,"column":23}},"loc":{"start":{"line":13,"column":37},"end":{"line":16,"column":5}},"line":13},"3":{"name":"(anonymous_3)","decl":{"start":{"line":18,"column":17},"end":{"line":18,"column":18}},"loc":{"start":{"line":18,"column":29},"end":{"line":20,"column":3}},"line":18},"4":{"name":"(anonymous_4)","decl":{"start":{"line":21,"column":13},"end":{"line":21,"column":14}},"loc":{"start":{"line":21,"column":19},"end":{"line":23,"column":3}},"line":21},"5":{"name":"(anonymous_5)","decl":{"start":{"line":25,"column":14},"end":{"line":25,"column":15}},"loc":{"start":{"line":25,"column":20},"end":{"line":29,"column":3}},"line":25},"6":{"name":"(anonymous_6)","decl":{"start":{"line":31,"column":16},"end":{"line":31,"column":17}},"loc":{"start":{"line":31,"column":34},"end":{"line":33,"column":3}},"line":31},"7":{"name":"(anonymous_7)","decl":{"start":{"line":35,"column":22},"end":{"line":35,"column":23}},"loc":{"start":{"line":35,"column":28},"end":{"line":37,"column":3}},"line":35},"8":{"name":"(anonymous_8)","decl":{"start":{"line":36,"column":46},"end":{"line":36,"column":47}},"loc":{"start":{"line":36,"column":52},"end":{"line":36,"column":56}},"line":36},"9":{"name":"(anonymous_9)","decl":{"start":{"line":39,"column":19},"end":{"line":39,"column":20}},"loc":{"start":{"line":39,"column":34},"end":{"line":45,"column":3}},"line":39},"10":{"name":"(anonymous_10)","decl":{"start":{"line":47,"column":18},"end":{"line":47,"column":19}},"loc":{"start":{"line":47,"column":32},"end":{"line":51,"column":3}},"line":47},"11":{"name":"(anonymous_11)","decl":{"start":{"line":53,"column":15},"end":{"line":53,"column":16}},"loc":{"start":{"line":53,"column":21},"end":{"line":59,"column":3}},"line":53},"12":{"name":"(anonymous_12)","decl":{"start":{"line":54,"column":16},"end":{"line":54,"column":17}},"loc":{"start":{"line":54,"column":22},"end":{"line":58,"column":5}},"line":54}},"branchMap":{},"s":{"0":1,"1":1,"2":1,"3":2,"4":9,"5":9,"6":0,"7":2,"8":0,"9":0,"10":0,"11":0,"12":0,"13":0,"14":0,"15":0,"16":0,"17":0,"18":0},"f":{"0":1,"1":2,"2":9,"3":0,"4":2,"5":0,"6":0,"7":0,"8":0,"9":0,"10":0,"11":0,"12":0},"b":{},"_coverageSchema":"332fd63041d2c1bcb487cc26dd0d5f7d97098a6c","hash":"098b9c51ee0e7d96d6455b3c827538f6846234b3"}
}
